<?xml version="1.0" encoding="utf-8"?><testsuites name="pytest tests"><testsuite name="pytest" errors="0" failures="0" skipped="0" tests="8" time="1.520" timestamp="2026-04-16T09:16:21.268421+00:00" hostname="agent-env-a8c666c0-db6f-446c-abcb-3cd31bded865"><testcase classname="backend.tests.test_api.TestHealthCheck" name="test_root_endpoint" time="0.165" /><testcase classname="backend.tests.test_api.TestHealthCheck" name="test_status_endpoint_get" time="0.148" /><testcase classname="backend.tests.test_api.TestHealthCheck" name="test_status_endpoint_post" time="0.136" /><testcase classname="backend.tests.test_api.TestContactForm" name="test_contact_submission_success" time="0.118" /><testcase classname="backend.tests.test_api.TestContactForm" name="test_contact_submission_minimal_fields" time="0.153" /><testcase classname="backend.tests.test_api.TestContactForm" name="test_contact_submission_missing_required_fields" time="0.352" /><testcase classname="backend.tests.test_api.TestAPIErrorHandling" name="test_invalid_endpoint" time="0.118" /><testcase classname="backend.tests.test_api.TestAPIErrorHandling" name="test_invalid_method" time="0.098" /></testsuite></testsuites>